#
# There is insufficient memory for the Java Runtime Environment to continue.
# Native memory allocation (malloc) failed to allocate 51696 bytes. Error detail: Chunk::new
# Possible reasons:
#   The system is out of physical RAM or swap space
#   This process is running with CompressedOops enabled, and the Java Heap may be blocking the growth of the native heap
# Possible solutions:
#   Reduce memory load on the system
#   Increase physical memory or swap space
#   Check if swap backing store is full
#   Decrease Java heap size (-Xmx/-Xms)
#   Decrease number of Java threads
#   Decrease Java thread stack sizes (-Xss)
#   Set larger code cache with -XX:ReservedCodeCacheSize=
#   JVM is running with Zero Based Compressed Oops mode in which the Java heap is
#     placed in the first 32GB address space. The Java Heap base address is the
#     maximum limit for the native heap growth. Please use -XX:HeapBaseMinAddress
#     to set the Java Heap base and to place the Java Heap above 32GB virtual address.
# This output file may be truncated or incomplete.
#
#  Out of Memory Error (arena.cpp:149), pid=2780, tid=17324
#
# JRE version: Java(TM) SE Runtime Environment (23.0.2+7) (build 23.0.2+7-58)
# Java VM: Java HotSpot(TM) 64-Bit Server VM (23.0.2+7-58, mixed mode, tiered, compressed oops, compressed class ptrs, g1 gc, windows-amd64)
# No core dump will be written. Minidumps are not enabled by default on client versions of Windows
#

---------------  S U M M A R Y ------------

Command Line: -ea -Didea.test.cyclic.buffer.size=1048576 -javaagent:C:\Program Files\JetBrains\IntelliJ IDEA Community Edition 2024.3.4\lib\idea_rt.jar=53996 -javaagent:C:\Users\les01\AppData\Local\JetBrains\IdeaIC2024.3\captureAgent\debugger-agent.jar -Dkotlinx.coroutines.debug.enable.creation.stack.trace=false -Ddebugger.agent.enable.coroutines=true -Dkotlinx.coroutines.debug.enable.flows.stack.trace=true -Dkotlinx.coroutines.debug.enable.mutable.state.flows.stack.trace=true -Dfile.encoding=UTF-8 -Dsun.stdout.encoding=UTF-8 -Dsun.stderr.encoding=UTF-8 com.intellij.rt.junit.JUnitStarter -ideVersion5 -junit5 WalletTest

Host: 12th Gen Intel(R) Core(TM) i5-12450H, 12 cores, 15G,  Windows 11 , 64 bit Build 26100 (10.0.26100.7705)
Time: Thu Mar  5 13:16:32 2026 SE Asia Standard Time elapsed time: 18.422195 seconds (0d 0h 0m 18s)

---------------  T H R E A D  ---------------

Current thread (0x0000021c25b753e0):  JavaThread "C2 CompilerThread2" daemon [_thread_in_native, id=17324, stack(0x000000ac4db00000,0x000000ac4dc00000) (1024K)]


Current CompileTask:
C2:18422 1021       4       java.util.Arrays::copyOfRange (82 bytes)

Stack: [0x000000ac4db00000,0x000000ac4dc00000]
Native frames: (J=compiled Java code, j=interpreted, Vv=VM code, C=native code)
V  [jvm.dll+0x6e0b99]  (no source info available)
V  [jvm.dll+0x87e2b3]  (no source info available)
V  [jvm.dll+0x88073e]  (no source info available)
V  [jvm.dll+0x880e13]  (no source info available)
V  [jvm.dll+0x27b006]  (no source info available)
V  [jvm.dll+0xbc06f]  (no source info available)
V  [jvm.dll+0xbc2cb]  (no source info available)
V  [jvm.dll+0x3b3c22]  (no source info available)
V  [jvm.dll+0x38a55b]  (no source info available)
V  [jvm.dll+0x3899ca]  (no source info available)
V  [jvm.dll+0x244ba1]  (no source info available)
V  [jvm.dll+0x243eff]  (no source info available)
V  [jvm.dll+0x1c34b0]  (no source info available)
V  [jvm.dll+0x253df1]  (no source info available)
V  [jvm.dll+0x2520aa]  (no source info available)
V  [jvm.dll+0x3ee226]  (no source info available)
V  [jvm.dll+0x8254cb]  (no source info available)
V  [jvm.dll+0x6df345]  (no source info available)
C  [ucrtbase.dll+0x37b0]  (no source info available)
C  [KERNEL32.DLL+0x2e8d7]  (no source info available)
C  [ntdll.dll+0x8c40c]  (no source info available)

Lock stack of current Java thread (top to bottom):


---------------  P R O C E S S  ---------------

Threads class SMR info:
_java_thread_list=0x0000021c25b7c640, length=14, elements={
0x0000021c7f8c6bb0, 0x0000021c20a0df90, 0x0000021c250c5030, 0x0000021c250ce920,
0x0000021c250b33e0, 0x0000021c250b3e40, 0x0000021c250b48a0, 0x0000021c250d3840,
0x0000021c250d9ba0, 0x0000021c2523d380, 0x0000021c254520b0, 0x0000021c254d26b0,
0x0000021c25c10060, 0x0000021c25b753e0
}

Java Threads: ( => current thread )
  0x0000021c7f8c6bb0 JavaThread "main"                              [_thread_in_Java, id=26836, stack(0x000000ac4c700000,0x000000ac4c800000) (1024K)]
  0x0000021c20a0df90 JavaThread "Reference Handler"          daemon [_thread_blocked, id=8884, stack(0x000000ac4cf00000,0x000000ac4d000000) (1024K)]
  0x0000021c250c5030 JavaThread "Finalizer"                  daemon [_thread_blocked, id=18576, stack(0x000000ac4d000000,0x000000ac4d100000) (1024K)]
  0x0000021c250ce920 JavaThread "Signal Dispatcher"          daemon [_thread_blocked, id=27400, stack(0x000000ac4d100000,0x000000ac4d200000) (1024K)]
  0x0000021c250b33e0 JavaThread "Attach Listener"            daemon [_thread_blocked, id=33712, stack(0x000000ac4d200000,0x000000ac4d300000) (1024K)]
  0x0000021c250b3e40 JavaThread "Service Thread"             daemon [_thread_blocked, id=24552, stack(0x000000ac4d300000,0x000000ac4d400000) (1024K)]
  0x0000021c250b48a0 JavaThread "Monitor Deflation Thread"   daemon [_thread_blocked, id=21880, stack(0x000000ac4d400000,0x000000ac4d500000) (1024K)]
  0x0000021c250d3840 JavaThread "C2 CompilerThread0"         daemon [_thread_in_native, id=12764, stack(0x000000ac4d500000,0x000000ac4d600000) (1024K)]
  0x0000021c250d9ba0 JavaThread "C1 CompilerThread0"         daemon [_thread_in_vm, id=20156, stack(0x000000ac4d600000,0x000000ac4d700000) (1024K)]
  0x0000021c2523d380 JavaThread "Common-Cleaner"             daemon [_thread_blocked, id=30052, stack(0x000000ac4d700000,0x000000ac4d800000) (1024K)]
  0x0000021c254520b0 JavaThread "Monitor Ctrl-Break"         daemon [_thread_in_native, id=33568, stack(0x000000ac4d900000,0x000000ac4da00000) (1024K)]
  0x0000021c254d26b0 JavaThread "Notification Thread"        daemon [_thread_blocked, id=32432, stack(0x000000ac4da00000,0x000000ac4db00000) (1024K)]
  0x0000021c25c10060 JavaThread "C2 CompilerThread1"         daemon [_thread_in_native, id=9156, stack(0x000000ac4d800000,0x000000ac4d900000) (1024K)]
=>0x0000021c25b753e0 JavaThread "C2 CompilerThread2"         daemon [_thread_in_native, id=17324, stack(0x000000ac4db00000,0x000000ac4dc00000) (1024K)]
Total: 14

Other Threads:
  0x0000021c209fbdd0 VMThread "VM Thread"                           [id=32720, stack(0x000000ac4ce00000,0x000000ac4cf00000) (1024K)]
  0x0000021c209e53a0 WatcherThread "VM Periodic Task Thread"        [id=31976, stack(0x000000ac4cd00000,0x000000ac4ce00000) (1024K)]
  0x0000021c7f92bae0 WorkerThread "GC Thread#0"                     [id=25160, stack(0x000000ac4c800000,0x000000ac4c900000) (1024K)]
  0x0000021c7f0fe700 ConcurrentGCThread "G1 Main Marker"            [id=31832, stack(0x000000ac4c900000,0x000000ac4ca00000) (1024K)]
  0x0000021c7f93fd80 WorkerThread "G1 Conc#0"                       [id=28868, stack(0x000000ac4ca00000,0x000000ac4cb00000) (1024K)]
  0x0000021c7f97e9f0 ConcurrentGCThread "G1 Refine#0"               [id=26072, stack(0x000000ac4cb00000,0x000000ac4cc00000) (1024K)]
  0x0000021c208b0320 ConcurrentGCThread "G1 Service"                [id=13108, stack(0x000000ac4cc00000,0x000000ac4cd00000) (1024K)]
Total: 7

Threads with active compile tasks:
C2 CompilerThread0  19449 1091       4       jdk.internal.misc.Unsafe::getShortUnaligned (12 bytes)
C1 CompilerThread0  19449 1093       3       jdk.internal.classfile.impl.SplitConstantPool::findEntry (129 bytes)
C2 CompilerThread1  19449 1082       4       java.util.ArrayList::add (25 bytes)
C2 CompilerThread2  19449 1021       4       java.util.Arrays::copyOfRange (82 bytes)
Total: 4

VM state: not at safepoint (normal execution)

VM Mutex/Monitor currently owned by a thread: None

Heap address: 0x0000000704c00000, size: 4020 MB, Compressed Oops mode: Zero based, Oop shift amount: 3

CDS archive(s) not mapped
Compressed class space mapped at: 0x0000000032000000-0x0000000072000000, reserved size: 1073741824
Narrow klass base: 0x0000000000000000, Narrow klass shift: 0, Narrow klass range: 0x72000000

GC Precious Log:
 CardTable entry size: 512
 Card Set container configuration: InlinePtr #cards 4 size 8 Array Of Cards #cards 16 size 48 Howl #buckets 8 coarsen threshold 3686 Howl Bitmap #cards 512 size 80 coarsen threshold 460 Card regions per heap region 1 cards per card region 4096
 CPUs: 12 total, 12 available
 Memory: 16076M
 Large Page Support: Disabled
 NUMA Support: Disabled
 Compressed Oops: Enabled (Zero based)
 Heap Region Size: 2M
 Heap Min Capacity: 8M
 Heap Initial Capacity: 252M
 Heap Max Capacity: 4020M
 Pre-touch: Disabled
 Parallel Workers: 10
 Concurrent Workers: 3
 Concurrent Refinement Workers: 10
 Periodic GC: Disabled

Heap:
 garbage-first heap   total reserved 4116480K, committed 258048K, used 12288K [0x0000000704c00000, 0x0000000800000000)
  region size 2048K, 8 young (16384K), 0 survivors (0K)
 Metaspace       used 12762K, committed 12992K, reserved 1114112K
  class space    used 1240K, committed 1344K, reserved 1048576K

Heap Regions: E=young(eden), S=young(survivor), O=old, HS=humongous(starts), HC=humongous(continues), CS=collection set, F=free, TAMS=top-at-mark-start, PB=parsable bottom
|   0|0x0000000704c00000, 0x0000000704c00000, 0x0000000704e00000|  0%| F|  |TAMS 0x0000000704c00000| PB 0x0000000704c00000| Untracked |  0
|   1|0x0000000704e00000, 0x0000000704e00000, 0x0000000705000000|  0%| F|  |TAMS 0x0000000704e00000| PB 0x0000000704e00000| Untracked |  0
|   2|0x0000000705000000, 0x0000000705000000, 0x0000000705200000|  0%| F|  |TAMS 0x0000000705000000| PB 0x0000000705000000| Untracked |  0
|   3|0x0000000705200000, 0x0000000705200000, 0x0000000705400000|  0%| F|  |TAMS 0x0000000705200000| PB 0x0000000705200000| Untracked |  0
|   4|0x0000000705400000, 0x0000000705400000, 0x0000000705600000|  0%| F|  |TAMS 0x0000000705400000| PB 0x0000000705400000| Untracked |  0
|   5|0x0000000705600000, 0x0000000705600000, 0x0000000705800000|  0%| F|  |TAMS 0x0000000705600000| PB 0x0000000705600000| Untracked |  0
|   6|0x0000000705800000, 0x0000000705800000, 0x0000000705a00000|  0%| F|  |TAMS 0x0000000705800000| PB 0x0000000705800000| Untracked |  0
|   7|0x0000000705a00000, 0x0000000705a00000, 0x0000000705c00000|  0%| F|  |TAMS 0x0000000705a00000| PB 0x0000000705a00000| Untracked |  0
|   8|0x0000000705c00000, 0x0000000705c00000, 0x0000000705e00000|  0%| F|  |TAMS 0x0000000705c00000| PB 0x0000000705c00000| Untracked |  0
|   9|0x0000000705e00000, 0x0000000705e00000, 0x0000000706000000|  0%| F|  |TAMS 0x0000000705e00000| PB 0x0000000705e00000| Untracked |  0
|  10|0x0000000706000000, 0x0000000706000000, 0x0000000706200000|  0%| F|  |TAMS 0x0000000706000000| PB 0x0000000706000000| Untracked |  0
|  11|0x0000000706200000, 0x0000000706200000, 0x0000000706400000|  0%| F|  |TAMS 0x0000000706200000| PB 0x0000000706200000| Untracked |  0
|  12|0x0000000706400000, 0x0000000706400000, 0x0000000706600000|  0%| F|  |TAMS 0x0000000706400000| PB 0x0000000706400000| Untracked |  0
|  13|0x0000000706600000, 0x0000000706600000, 0x0000000706800000|  0%| F|  |TAMS 0x0000000706600000| PB 0x0000000706600000| Untracked |  0
|  14|0x0000000706800000, 0x0000000706800000, 0x0000000706a00000|  0%| F|  |TAMS 0x0000000706800000| PB 0x0000000706800000| Untracked |  0
|  15|0x0000000706a00000, 0x0000000706a00000, 0x0000000706c00000|  0%| F|  |TAMS 0x0000000706a00000| PB 0x0000000706a00000| Untracked |  0
|  16|0x0000000706c00000, 0x0000000706c00000, 0x0000000706e00000|  0%| F|  |TAMS 0x0000000706c00000| PB 0x0000000706c00000| Untracked |  0
|  17|0x0000000706e00000, 0x0000000706e00000, 0x0000000707000000|  0%| F|  |TAMS 0x0000000706e00000| PB 0x0000000706e00000| Untracked |  0
|  18|0x0000000707000000, 0x0000000707000000, 0x0000000707200000|  0%| F|  |TAMS 0x0000000707000000| PB 0x0000000707000000| Untracked |  0
|  19|0x0000000707200000, 0x0000000707200000, 0x0000000707400000|  0%| F|  |TAMS 0x0000000707200000| PB 0x0000000707200000| Untracked |  0
|  20|0x0000000707400000, 0x0000000707400000, 0x0000000707600000|  0%| F|  |TAMS 0x0000000707400000| PB 0x0000000707400000| Untracked |  0
|  21|0x0000000707600000, 0x0000000707600000, 0x0000000707800000|  0%| F|  |TAMS 0x0000000707600000| PB 0x0000000707600000| Untracked |  0
|  22|0x0000000707800000, 0x0000000707800000, 0x0000000707a00000|  0%| F|  |TAMS 0x0000000707800000| PB 0x0000000707800000| Untracked |  0
|  23|0x0000000707a00000, 0x0000000707a00000, 0x0000000707c00000|  0%| F|  |TAMS 0x0000000707a00000| PB 0x0000000707a00000| Untracked |  0
|  24|0x0000000707c00000, 0x0000000707c00000, 0x0000000707e00000|  0%| F|  |TAMS 0x0000000707c00000| PB 0x0000000707c00000| Untracked |  0
|  25|0x0000000707e00000, 0x0000000707e00000, 0x0000000708000000|  0%| F|  |TAMS 0x0000000707e00000| PB 0x0000000707e00000| Untracked |  0
|  26|0x0000000708000000, 0x0000000708000000, 0x0000000708200000|  0%| F|  |TAMS 0x0000000708000000| PB 0x0000000708000000| Untracked |  0
|  27|0x0000000708200000, 0x0000000708200000, 0x0000000708400000|  0%| F|  |TAMS 0x0000000708200000| PB 0x0000000708200000| Untracked |  0
|  28|0x0000000708400000, 0x0000000708400000, 0x0000000708600000|  0%| F|  |TAMS 0x0000000708400000| PB 0x0000000708400000| Untracked |  0
|  29|0x0000000708600000, 0x0000000708600000, 0x0000000708800000|  0%| F|  |TAMS 0x0000000708600000| PB 0x0000000708600000| Untracked |  0
|  30|0x0000000708800000, 0x0000000708800000, 0x0000000708a00000|  0%| F|  |TAMS 0x0000000708800000| PB 0x0000000708800000| Untracked |  0
|  31|0x0000000708a00000, 0x0000000708a00000, 0x0000000708c00000|  0%| F|  |TAMS 0x0000000708a00000| PB 0x0000000708a00000| Untracked |  0
|  32|0x0000000708c00000, 0x0000000708c00000, 0x0000000708e00000|  0%| F|  |TAMS 0x0000000708c00000| PB 0x0000000708c00000| Untracked |  0
|  33|0x0000000708e00000, 0x0000000708e00000, 0x0000000709000000|  0%| F|  |TAMS 0x0000000708e00000| PB 0x0000000708e00000| Untracked |  0
|  34|0x0000000709000000, 0x0000000709000000, 0x0000000709200000|  0%| F|  |TAMS 0x0000000709000000| PB 0x0000000709000000| Untracked |  0
|  35|0x0000000709200000, 0x0000000709200000, 0x0000000709400000|  0%| F|  |TAMS 0x0000000709200000| PB 0x0000000709200000| Untracked |  0
|  36|0x0000000709400000, 0x0000000709400000, 0x0000000709600000|  0%| F|  |TAMS 0x0000000709400000| PB 0x0000000709400000| Untracked |  0
|  37|0x0000000709600000, 0x0000000709600000, 0x0000000709800000|  0%| F|  |TAMS 0x0000000709600000| PB 0x0000000709600000| Untracked |  0
|  38|0x0000000709800000, 0x0000000709800000, 0x0000000709a00000|  0%| F|  |TAMS 0x0000000709800000| PB 0x0000000709800000| Untracked |  0
|  39|0x0000000709a00000, 0x0000000709a00000, 0x0000000709c00000|  0%| F|  |TAMS 0x0000000709a00000| PB 0x0000000709a00000| Untracked |  0
|  40|0x0000000709c00000, 0x0000000709c00000, 0x0000000709e00000|  0%| F|  |TAMS 0x0000000709c00000| PB 0x0000000709c00000| Untracked |  0
|  41|0x0000000709e00000, 0x0000000709e00000, 0x000000070a000000|  0%| F|  |TAMS 0x0000000709e00000| PB 0x0000000709e00000| Untracked |  0
|  42|0x000000070a000000, 0x000000070a000000, 0x000000070a200000|  0%| F|  |TAMS 0x000000070a000000| PB 0x000000070a000000| Untracked |  0
|  43|0x000000070a200000, 0x000000070a200000, 0x000000070a400000|  0%| F|  |TAMS 0x000000070a200000| PB 0x000000070a200000| Untracked |  0
|  44|0x000000070a400000, 0x000000070a400000, 0x000000070a600000|  0%| F|  |TAMS 0x000000070a400000| PB 0x000000070a400000| Untracked |  0
|  45|0x000000070a600000, 0x000000070a600000, 0x000000070a800000|  0%| F|  |TAMS 0x000000070a600000| PB 0x000000070a600000| Untracked |  0
|  46|0x000000070a800000, 0x000000070a800000, 0x000000070aa00000|  0%| F|  |TAMS 0x000000070a800000| PB 0x000000070a800000| Untracked |  0
|  47|0x000000070aa00000, 0x000000070aa00000, 0x000000070ac00000|  0%| F|  |TAMS 0x000000070aa00000| PB 0x000000070aa00000| Untracked |  0
|  48|0x000000070ac00000, 0x000000070ac00000, 0x000000070ae00000|  0%| F|  |TAMS 0x000000070ac00000| PB 0x000000070ac00000| Untracked |  0
|  49|0x000000070ae00000, 0x000000070ae00000, 0x000000070b000000|  0%| F|  |TAMS 0x000000070ae00000| PB 0x000000070ae00000| Untracked |  0
|  50|0x000000070b000000, 0x000000070b000000, 0x000000070b200000|  0%| F|  |TAMS 0x000000070b000000| PB 0x000000070b000000| Untracked |  0
|  51|0x000000070b200000, 0x000000070b200000, 0x000000070b400000|  0%| F|  |TAMS 0x000000070b200000| PB 0x000000070b200000| Untracked |  0
|  52|0x000000070b400000, 0x000000070b400000, 0x000000070b600000|  0%| F|  |TAMS 0x000000070b400000| PB 0x000000070b400000| Untracked |  0
|  53|0x000000070b600000, 0x000000070b600000, 0x000000070b800000|  0%| F|  |TAMS 0x000000070b600000| PB 0x000000070b600000| Untracked |  0
|  54|0x000000070b800000, 0x000000070b800000, 0x000000070ba00000|  0%| F|  |TAMS 0x000000070b800000| PB 0x000000070b800000| Untracked |  0
|  55|0x000000070ba00000, 0x000000070ba00000, 0x000000070bc00000|  0%| F|  |TAMS 0x000000070ba00000| PB 0x000000070ba00000| Untracked |  0
|  56|0x000000070bc00000, 0x000000070bc00000, 0x000000070be00000|  0%| F|  |TAMS 0x000000070bc00000| PB 0x000000070bc00000| Untracked |  0
|  57|0x000000070be00000, 0x000000070be00000, 0x000000070c000000|  0%| F|  |TAMS 0x000000070be00000| PB 0x000000070be00000| Untracked |  0
|  58|0x000000070c000000, 0x000000070c000000, 0x000000070c200000|  0%| F|  |TAMS 0x000000070c000000| PB 0x000000070c000000| Untracked |  0
|  59|0x000000070c200000, 0x000000070c200000, 0x000000070c400000|  0%| F|  |TAMS 0x000000070c200000| PB 0x000000070c200000| Untracked |  0
|  60|0x000000070c400000, 0x000000070c400000, 0x000000070c600000|  0%| F|  |TAMS 0x000000070c400000| PB 0x000000070c400000| Untracked |  0
|  61|0x000000070c600000, 0x000000070c600000, 0x000000070c800000|  0%| F|  |TAMS 0x000000070c600000| PB 0x000000070c600000| Untracked |  0
|  62|0x000000070c800000, 0x000000070c800000, 0x000000070ca00000|  0%| F|  |TAMS 0x000000070c800000| PB 0x000000070c800000| Untracked |  0
|  63|0x000000070ca00000, 0x000000070ca00000, 0x000000070cc00000|  0%| F|  |TAMS 0x000000070ca00000| PB 0x000000070ca00000| Untracked |  0
|  64|0x000000070cc00000, 0x000000070cc00000, 0x000000070ce00000|  0%| F|  |TAMS 0x000000070cc00000| PB 0x000000070cc00000| Untracked |  0
|  65|0x000000070ce00000, 0x000000070ce00000, 0x000000070d000000|  0%| F|  |TAMS 0x000000070ce00000| PB 0x000000070ce00000| Untracked |  0
|  66|0x000000070d000000, 0x000000070d000000, 0x000000070d200000|  0%| F|  |TAMS 0x000000070d000000| PB 0x000000070d000000| Untracked |  0
|  67|0x000000070d200000, 0x000000070d200000, 0x000000070d400000|  0%| F|  |TAMS 0x000000070d200000| PB 0x000000070d200000| Untracked |  0
|  68|0x000000070d400000, 0x000000070d400000, 0x000000070d600000|  0%| F|  |TAMS 0x000000070d400000| PB 0x000000070d400000| Untracked |  0
|  69|0x000000070d600000, 0x000000070d600000, 0x000000070d800000|  0%| F|  |TAMS 0x000000070d600000| PB 0x000000070d600000| Untracked |  0
|  70|0x000000070d800000, 0x000000070d800000, 0x000000070da00000|  0%| F|  |TAMS 0x000000070d800000| PB 0x000000070d800000| Untracked |  0
|  71|0x000000070da00000, 0x000000070da00000, 0x000000070dc00000|  0%| F|  |TAMS 0x000000070da00000| PB 0x000000070da00000| Untracked |  0
|  72|0x000000070dc00000, 0x000000070dc00000, 0x000000070de00000|  0%| F|  |TAMS 0x000000070dc00000| PB 0x000000070dc00000| Untracked |  0
|  73|0x000000070de00000, 0x000000070de00000, 0x000000070e000000|  0%| F|  |TAMS 0x000000070de00000| PB 0x000000070de00000| Untracked |  0
|  74|0x000000070e000000, 0x000000070e000000, 0x000000070e200000|  0%| F|  |TAMS 0x000000070e000000| PB 0x000000070e000000| Untracked |  0
|  75|0x000000070e200000, 0x000000070e200000, 0x000000070e400000|  0%| F|  |TAMS 0x000000070e200000| PB 0x000000070e200000| Untracked |  0
|  76|0x000000070e400000, 0x000000070e400000, 0x000000070e600000|  0%| F|  |TAMS 0x000000070e400000| PB 0x000000070e400000| Untracked |  0
|  77|0x000000070e600000, 0x000000070e600000, 0x000000070e800000|  0%| F|  |TAMS 0x000000070e600000| PB 0x000000070e600000| Untracked |  0
|  78|0x000000070e800000, 0x000000070e800000, 0x000000070ea00000|  0%| F|  |TAMS 0x000000070e800000| PB 0x000000070e800000| Untracked |  0
|  79|0x000000070ea00000, 0x000000070ea00000, 0x000000070ec00000|  0%| F|  |TAMS 0x000000070ea00000| PB 0x000000070ea00000| Untracked |  0
|  80|0x000000070ec00000, 0x000000070ec00000, 0x000000070ee00000|  0%| F|  |TAMS 0x000000070ec00000| PB 0x000000070ec00000| Untracked |  0
|  81|0x000000070ee00000, 0x000000070ee00000, 0x000000070f000000|  0%| F|  |TAMS 0x000000070ee00000| PB 0x000000070ee00000| Untracked |  0
|  82|0x000000070f000000, 0x000000070f000000, 0x000000070f200000|  0%| F|  |TAMS 0x000000070f000000| PB 0x000000070f000000| Untracked |  0
|  83|0x000000070f200000, 0x000000070f200000, 0x000000070f400000|  0%| F|  |TAMS 0x000000070f200000| PB 0x000000070f200000| Untracked |  0
|  84|0x000000070f400000, 0x000000070f400000, 0x000000070f600000|  0%| F|  |TAMS 0x000000070f400000| PB 0x000000070f400000| Untracked |  0
|  85|0x000000070f600000, 0x000000070f600000, 0x000000070f800000|  0%| F|  |TAMS 0x000000070f600000| PB 0x000000070f600000| Untracked |  0
|  86|0x000000070f800000, 0x000000070f800000, 0x000000070fa00000|  0%| F|  |TAMS 0x000000070f800000| PB 0x000000070f800000| Untracked |  0
|  87|0x000000070fa00000, 0x000000070fa00000, 0x000000070fc00000|  0%| F|  |TAMS 0x000000070fa00000| PB 0x000000070fa00000| Untracked |  0
|  88|0x000000070fc00000, 0x000000070fc00000, 0x000000070fe00000|  0%| F|  |TAMS 0x000000070fc00000| PB 0x000000070fc00000| Untracked |  0
|  89|0x000000070fe00000, 0x000000070fe00000, 0x0000000710000000|  0%| F|  |TAMS 0x000000070fe00000| PB 0x000000070fe00000| Untracked |  0
|  90|0x0000000710000000, 0x0000000710000000, 0x0000000710200000|  0%| F|  |TAMS 0x0000000710000000| PB 0x0000000710000000| Untracked |  0
|  91|0x0000000710200000, 0x0000000710200000, 0x0000000710400000|  0%| F|  |TAMS 0x0000000710200000| PB 0x0000000710200000| Untracked |  0
|  92|0x0000000710400000, 0x0000000710400000, 0x0000000710600000|  0%| F|  |TAMS 0x0000000710400000| PB 0x0000000710400000| Untracked |  0
|  93|0x0000000710600000, 0x0000000710600000, 0x0000000710800000|  0%| F|  |TAMS 0x0000000710600000| PB 0x0000000710600000| Untracked |  0
|  94|0x0000000710800000, 0x0000000710800000, 0x0000000710a00000|  0%| F|  |TAMS 0x0000000710800000| PB 0x0000000710800000| Untracked |  0
|  95|0x0000000710a00000, 0x0000000710a00000, 0x0000000710c00000|  0%| F|  |TAMS 0x0000000710a00000| PB 0x0000000710a00000| Untracked |  0
|  96|0x0000000710c00000, 0x0000000710c00000, 0x0000000710e00000|  0%| F|  |TAMS 0x0000000710c00000| PB 0x0000000710c00000| Untracked |  0
|  97|0x0000000710e00000, 0x0000000710e00000, 0x0000000711000000|  0%| F|  |TAMS 0x0000000710e00000| PB 0x0000000710e00000| Untracked |  0
|  98|0x0000000711000000, 0x0000000711000000, 0x0000000711200000|  0%| F|  |TAMS 0x0000000711000000| PB 0x0000000711000000| Untracked |  0
|  99|0x0000000711200000, 0x0000000711200000, 0x0000000711400000|  0%| F|  |TAMS 0x0000000711200000| PB 0x0000000711200000| Untracked |  0
| 100|0x0000000711400000, 0x0000000711400000, 0x0000000711600000|  0%| F|  |TAMS 0x0000000711400000| PB 0x0000000711400000| Untracked |  0
| 101|0x0000000711600000, 0x0000000711600000, 0x0000000711800000|  0%| F|  |TAMS 0x0000000711600000| PB 0x0000000711600000| Untracked |  0
| 102|0x0000000711800000, 0x0000000711800000, 0x0000000711a00000|  0%| F|  |TAMS 0x0000000711800000| PB 0x0000000711800000| Untracked |  0
| 103|0x0000000711a00000, 0x0000000711a00000, 0x0000000711c00000|  0%| F|  |TAMS 0x0000000711a00000| PB 0x0000000711a00000| Untracked |  0
| 104|0x0000000711c00000, 0x0000000711c00000, 0x0000000711e00000|  0%| F|  |TAMS 0x0000000711c00000| PB 0x0000000711c00000| Untracked |  0
| 105|0x0000000711e00000, 0x0000000711e00000, 0x0000000712000000|  0%| F|  |TAMS 0x0000000711e00000| PB 0x0000000711e00000| Untracked |  0
| 106|0x0000000712000000, 0x0000000712000000, 0x0000000712200000|  0%| F|  |TAMS 0x0000000712000000| PB 0x0000000712000000| Untracked |  0
| 107|0x0000000712200000, 0x0000000712200000, 0x0000000712400000|  0%| F|  |TAMS 0x0000000712200000| PB 0x0000000712200000| Untracked |  0
| 108|0x0000000712400000, 0x0000000712400000, 0x0000000712600000|  0%| F|  |TAMS 0x0000000712400000| PB 0x0000000712400000| Untracked |  0
| 109|0x0000000712600000, 0x0000000712600000, 0x0000000712800000|  0%| F|  |TAMS 0x0000000712600000| PB 0x0000000712600000| Untracked |  0
| 110|0x0000000712800000, 0x0000000712800000, 0x0000000712a00000|  0%| F|  |TAMS 0x0000000712800000| PB 0x0000000712800000| Untracked |  0
| 111|0x0000000712a00000, 0x0000000712a00000, 0x0000000712c00000|  0%| F|  |TAMS 0x0000000712a00000| PB 0x0000000712a00000| Untracked |  0
| 112|0x0000000712c00000, 0x0000000712c00000, 0x0000000712e00000|  0%| F|  |TAMS 0x0000000712c00000| PB 0x0000000712c00000| Untracked |  0
| 113|0x0000000712e00000, 0x0000000712e00000, 0x0000000713000000|  0%| F|  |TAMS 0x0000000712e00000| PB 0x0000000712e00000| Untracked |  0
| 114|0x0000000713000000, 0x0000000713000000, 0x0000000713200000|  0%| F|  |TAMS 0x0000000713000000| PB 0x0000000713000000| Untracked |  0
| 115|0x0000000713200000, 0x0000000713200000, 0x0000000713400000|  0%| F|  |TAMS 0x0000000713200000| PB 0x0000000713200000| Untracked |  0
| 116|0x0000000713400000, 0x0000000713400000, 0x0000000713600000|  0%| F|  |TAMS 0x0000000713400000| PB 0x0000000713400000| Untracked |  0
| 117|0x0000000713600000, 0x0000000713600000, 0x0000000713800000|  0%| F|  |TAMS 0x0000000713600000| PB 0x0000000713600000| Untracked |  0
| 118|0x0000000713800000, 0x00000007138f5c98, 0x0000000713a00000| 48%| E|  |TAMS 0x0000000713800000| PB 0x0000000713800000| Complete |  0
| 119|0x0000000713a00000, 0x0000000713c00000, 0x0000000713c00000|100%| E|CS|TAMS 0x0000000713a00000| PB 0x0000000713a00000| Complete |  0
| 120|0x0000000713c00000, 0x0000000713e00000, 0x0000000713e00000|100%| E|CS|TAMS 0x0000000713c00000| PB 0x0000000713c00000| Complete |  0
| 121|0x0000000713e00000, 0x0000000714000000, 0x0000000714000000|100%| E|CS|TAMS 0x0000000713e00000| PB 0x0000000713e00000| Complete |  0
| 122|0x0000000714000000, 0x0000000714200000, 0x0000000714200000|100%| E|  |TAMS 0x0000000714000000| PB 0x0000000714000000| Complete |  0
| 123|0x0000000714200000, 0x0000000714400000, 0x0000000714400000|100%| E|CS|TAMS 0x0000000714200000| PB 0x0000000714200000| Complete |  0
| 124|0x0000000714400000, 0x0000000714600000, 0x0000000714600000|100%| E|CS|TAMS 0x0000000714400000| PB 0x0000000714400000| Complete |  0
| 125|0x0000000714600000, 0x0000000714800000, 0x0000000714800000|100%| E|CS|TAMS 0x0000000714600000| PB 0x0000000714600000| Complete |  0

Card table byte_map: [0x0000021c199e0000,0x0000021c1a1c0000] _byte_map_base: 0x0000021c161ba000

Marking Bits: (CMBitMap*) 0x0000021c7f0fe040
 Bits: [0x0000021c1a1c0000, 0x0000021c1e090000)

Polling page: 0x0000021c7efe0000

Metaspace:

Usage:
  Non-class:     11.26 MB used.
      Class:      1.21 MB used.
       Both:     12.47 MB used.

Virtual space:
  Non-class space:       64.00 MB reserved,      11.38 MB ( 18%) committed,  1 nodes.
      Class space:        1.00 GB reserved,       1.31 MB ( <1%) committed,  1 nodes.
             Both:        1.06 GB reserved,      12.69 MB (  1%) committed. 

Chunk freelists:
   Non-Class:  4.49 MB
       Class:  14.73 MB
        Both:  19.22 MB

MaxMetaspaceSize: unlimited
CompressedClassSpaceSize: 1.00 GB
Initial GC threshold: 21.00 MB
Current GC threshold: 21.00 MB
CDS: off
 - commit_granule_bytes: 65536.
 - commit_granule_words: 8192.
 - virtual_space_node_default_size: 8388608.
 - enlarge_chunks_in_place: 1.
 - use_allocation_guard: 0.


Internal statistics:

num_allocs_failed_limit: 0.
num_arena_births: 50.
num_arena_deaths: 0.
num_vsnodes_births: 2.
num_vsnodes_deaths: 0.
num_space_committed: 203.
num_space_uncommitted: 0.
num_chunks_returned_to_freelist: 0.
num_chunks_taken_from_freelist: 138.
num_chunk_merges: 0.
num_chunk_splits: 68.
num_chunks_enlarged: 41.
num_inconsistent_stats: 0.

CodeHeap 'non-profiled nmethods': size=120064Kb used=316Kb max_used=316Kb free=119747Kb
 bounds [0x0000021c11550000, 0x0000021c117c0000, 0x0000021c18a90000]
CodeHeap 'profiled nmethods': size=120000Kb used=1240Kb max_used=1240Kb free=118759Kb
 bounds [0x0000021c09a90000, 0x0000021c09d00000, 0x0000021c10fc0000]
CodeHeap 'non-nmethods': size=5696Kb used=1344Kb max_used=1363Kb free=4351Kb
 bounds [0x0000021c10fc0000, 0x0000021c11230000, 0x0000021c11550000]
CodeCache: size=245760Kb, used=2900Kb, max_used=2919Kb, free=242857Kb
 total_blobs=1545, nmethods=1087, adapters=364, full_count=0
Compilation: enabled, stopped_count=0, restarted_count=0

Compilation events (20 events):
Event: 13.360 Thread 0x0000021c250d3840 nmethod 1014 0x0000021c11597908 code [0x0000021c11597a20, 0x0000021c11597b68]
Event: 13.360 Thread 0x0000021c250d9ba0 nmethod 1016 0x0000021c09bb4b88 code [0x0000021c09bb4ca0, 0x0000021c09bb4dd0]
Event: 13.360 Thread 0x0000021c25b753e0 nmethod 1012 0x0000021c11597c08 code [0x0000021c11597d00, 0x0000021c11597de0]
Event: 13.362 Thread 0x0000021c250d9ba0 1023       1       java.util.ImmutableCollections$List12::isEmpty (2 bytes)
Event: 13.362 Thread 0x0000021c250d9ba0 nmethod 1023 0x0000021c11597f08 code [0x0000021c11598020, 0x0000021c115980e8]
Event: 13.362 Thread 0x0000021c25b753e0 1021       4       java.util.Arrays::copyOfRange (82 bytes)
Event: 13.363 Thread 0x0000021c250d9ba0 1027       1       jdk.internal.classfile.impl.StackMapDecoder$ObjectVerificationTypeInfoImpl::tag (3 bytes)
Event: 13.363 Thread 0x0000021c250d3840 1022   !   4       java.util.ImmutableCollections$ListItr::next (34 bytes)
Event: 13.363 Thread 0x0000021c250d9ba0 nmethod 1027 0x0000021c11598208 code [0x0000021c11598320, 0x0000021c115983e8]
Event: 13.364 Thread 0x0000021c250d9ba0 1028       1       jdk.internal.classfile.impl.StackMapDecoder$ObjectVerificationTypeInfoImpl::className (5 bytes)
Event: 13.364 Thread 0x0000021c250d9ba0 nmethod 1028 0x0000021c11598508 code [0x0000021c11598620, 0x0000021c115986f0]
Event: 13.364 Thread 0x0000021c250d9ba0 1024       1       jdk.internal.classfile.impl.StackMapDecoder$StackMapFrameImpl::target (5 bytes)
Event: 13.364 Thread 0x0000021c250d9ba0 nmethod 1024 0x0000021c11598808 code [0x0000021c11598920, 0x0000021c115989f0]
Event: 13.364 Thread 0x0000021c250d9ba0 1025       1       java.util.TreeMap$Entry::getKey (5 bytes)
Event: 13.364 Thread 0x0000021c250d9ba0 nmethod 1025 0x0000021c11598b08 code [0x0000021c11598c20, 0x0000021c11598cf0]
Event: 13.364 Thread 0x0000021c250d9ba0 1026       1       java.util.TreeMap$Entry::getValue (5 bytes)
Event: 13.364 Thread 0x0000021c250d9ba0 nmethod 1026 0x0000021c11598e08 code [0x0000021c11598f20, 0x0000021c11598ff0]
Event: 13.365 Thread 0x0000021c250d9ba0 1031       3       jdk.jfr.internal.Type::<init> (63 bytes)
Event: 15.392 Thread 0x0000021c250d9ba0 nmethod 1031 0x0000021c09bb4e88 code [0x0000021c09bb5040, 0x0000021c09bb5a38]
Event: 15.392 Thread 0x0000021c250d9ba0 1032       3       sun.reflect.annotation.AnnotationInvocationHandler::invoke (182 bytes)

GC Heap History (0 events):
No events

Dll operation events (9 events):
Event: 0.041 Loaded shared library C:\Program Files\Java\jdk-23\bin\java.dll
Event: 0.045 Loaded shared library C:\Program Files\Java\jdk-23\bin\zip.dll
Event: 1.448 Loaded shared library C:\Program Files\Java\jdk-23\bin\jsvml.dll
Event: 1.692 Loaded shared library C:\Program Files\Java\jdk-23\bin\instrument.dll
Event: 1.718 Loaded shared library C:\Program Files\Java\jdk-23\bin\net.dll
Event: 1.721 Loaded shared library C:\Program Files\Java\jdk-23\bin\nio.dll
Event: 1.741 Loaded shared library C:\Program Files\Java\jdk-23\bin\zip.dll
Event: 1.814 Loaded shared library C:\Program Files\Java\jdk-23\bin\extnet.dll
Event: 3.975 Loaded shared library C:\Program Files\Java\jdk-23\bin\jimage.dll

Deoptimization events (4 events):
Event: 2.855 Thread 0x0000021c7f8c6bb0 Uncommon trap: trap_request=0xffffff45 fr.pc=0x0000021c11565994 relative=0x00000000000004b4
Event: 2.855 Thread 0x0000021c7f8c6bb0 Uncommon trap: reason=unstable_if action=reinterpret pc=0x0000021c11565994 method=java.lang.StringLatin1.replace([BCC)Ljava/lang/String; @ 19 c2
Event: 2.855 Thread 0x0000021c7f8c6bb0 DEOPT PACKING pc=0x0000021c11565994 sp=0x000000ac4c7fe890
Event: 2.855 Thread 0x0000021c7f8c6bb0 DEOPT UNPACKING pc=0x0000021c11014402 sp=0x000000ac4c7fe810 mode 2

Classes loaded (20 events):
Event: 10.293 Loading class java/util/TimSort done
Event: 10.299 Loading class jdk/jfr/EventType
Event: 11.314 Loading class jdk/jfr/EventType done
Event: 11.321 Loading class jdk/jfr/internal/LogLevel
Event: 12.328 Loading class jdk/jfr/internal/LogLevel done
Event: 12.329 Loading class jdk/jfr/internal/Logger
Event: 12.329 Loading class jdk/jfr/internal/Logger done
Event: 12.331 Loading class jdk/jfr/internal/EventControl
Event: 12.335 Loading class jdk/jfr/internal/EventControl done
Event: 12.335 Loading class jdk/jfr/internal/settings/EnabledSetting
Event: 12.336 Loading class jdk/jfr/internal/settings/JDKSettingControl
Event: 12.336 Loading class jdk/jfr/internal/settings/JDKSettingControl done
Event: 12.336 Loading class jdk/jfr/internal/settings/EnabledSetting done
Event: 12.336 Loading class jdk/jfr/internal/MirrorEvent
Event: 12.337 Loading class jdk/jfr/internal/MirrorEvent done
Event: 12.340 Loading class jdk/jfr/BooleanFlag
Event: 12.341 Loading class jdk/jfr/BooleanFlag done
Event: 12.348 Loading class jdk/jfr/internal/settings/ThresholdSetting
Event: 12.349 Loading class jdk/jfr/internal/settings/ThresholdSetting done
Event: 15.392 Loading class jdk/jfr/internal/settings/StackTraceSetting

Classes unloaded (0 events):
No events

Classes redefined (1 events):
Event: 2.853 Thread 0x0000021c209fbdd0 redefined class name=java.lang.Throwable, count=1

Internal exceptions (11 events):
Event: 1.773 Thread 0x0000021c7f8c6bb0 Exception <a 'java/lang/NoSuchMethodError'{0x0000000714471548}: 'java.lang.Object java.lang.invoke.Invokers$Holder.invokeExact_MT(java.lang.Object, java.lang.Object, java.lang.Object, java.lang.Object, java.lang.Object)'> (0x0000000714471548) 
thrown [s\open\src\hotspot\share\interpreter\linkResolver.cpp, line 796]
Event: 1.819 Thread 0x0000021c254520b0 Exception <a 'java/lang/NoSuchMethodError'{0x000000071453c790}: 'void java.lang.invoke.DirectMethodHandle$Holder.invokeStatic(java.lang.Object, java.lang.Object)'> (0x000000071453c790) 
thrown [s\open\src\hotspot\share\interpreter\linkResolver.cpp, line 796]
Event: 2.919 Thread 0x0000021c7f8c6bb0 Exception <a 'java/lang/NoSuchMethodError'{0x0000000714267e48}: 'java.lang.Object java.lang.invoke.DirectMethodHandle$Holder.invokeStaticInit(java.lang.Object, int)'> (0x0000000714267e48) 
thrown [s\open\src\hotspot\share\interpreter\linkResolver.cpp, line 796]
Event: 2.930 Thread 0x0000021c7f8c6bb0 Exception <a 'java/lang/NoSuchMethodError'{0x0000000714297db0}: 'java.lang.Object java.lang.invoke.DirectMethodHandle$Holder.invokeInterface(java.lang.Object, java.lang.Object)'> (0x0000000714297db0) 
thrown [s\open\src\hotspot\share\interpreter\linkResolver.cpp, line 796]
Event: 6.035 Thread 0x0000021c7f8c6bb0 Exception <a 'java/lang/NoSuchMethodError'{0x00000007140b90d8}: 'void java.lang.invoke.DirectMethodHandle$Holder.invokeStatic(java.lang.Object, java.lang.Object, java.lang.Object, java.lang.Object)'> (0x00000007140b90d8) 
thrown [s\open\src\hotspot\share\interpreter\linkResolver.cpp, line 796]
Event: 6.053 Thread 0x0000021c7f8c6bb0 Exception <a 'java/lang/NoSuchMethodError'{0x00000007140fc160}: 'java.lang.Object java.lang.invoke.DirectMethodHandle$Holder.invokeVirtual(java.lang.Object, java.lang.Object, java.lang.Object)'> (0x00000007140fc160) 
thrown [s\open\src\hotspot\share\interpreter\linkResolver.cpp, line 796]
Event: 6.092 Thread 0x0000021c7f8c6bb0 Exception <a 'java/lang/NoSuchMethodError'{0x0000000713e4b238}: 'java.lang.Object java.lang.invoke.DirectMethodHandle$Holder.invokeStaticInit(java.lang.Object, java.lang.Object, java.lang.Object)'> (0x0000000713e4b238) 
thrown [s\open\src\hotspot\share\interpreter\linkResolver.cpp, line 796]
Event: 6.096 Thread 0x0000021c7f8c6bb0 Exception <a 'java/lang/NoSuchMethodError'{0x0000000713e54d20}: 'void java.lang.invoke.DirectMethodHandle$Holder.invokeStaticInit(java.lang.Object, java.lang.Object, java.lang.Object)'> (0x0000000713e54d20) 
thrown [s\open\src\hotspot\share\interpreter\linkResolver.cpp, line 796]
Event: 6.176 Thread 0x0000021c7f8c6bb0 Exception <a 'java/lang/NoSuchMethodError'{0x0000000713c732e0}: 'void java.lang.invoke.DirectMethodHandle$Holder.invokeSpecial(java.lang.Object, java.lang.Object, java.lang.Object)'> (0x0000000713c732e0) 
thrown [s\open\src\hotspot\share\interpreter\linkResolver.cpp, line 796]
Event: 6.178 Thread 0x0000021c7f8c6bb0 Exception <a 'java/lang/NoSuchMethodError'{0x0000000713c7f7e0}: 'void java.lang.invoke.DirectMethodHandle$Holder.invokeStatic(java.lang.Object, int, java.lang.Object)'> (0x0000000713c7f7e0) 
thrown [s\open\src\hotspot\share\interpreter\linkResolver.cpp, line 796]
Event: 8.273 Thread 0x0000021c7f8c6bb0 Exception <a 'java/lang/NoSuchMethodError'{0x0000000713a9a9a8}: 'long java.lang.invoke.DirectMethodHandle$Holder.invokeVirtual(java.lang.Object, java.lang.Object)'> (0x0000000713a9a9a8) 
thrown [s\open\src\hotspot\share\interpreter\linkResolver.cpp, line 796]

VM Operations (8 events):
Event: 1.660 Executing VM operation: HandshakeAllThreads (Deoptimize)
Event: 1.660 Executing VM operation: HandshakeAllThreads (Deoptimize) done
Event: 2.852 Executing VM operation: RedefineClasses
Event: 2.855 Executing VM operation: RedefineClasses done
Event: 6.060 Executing VM operation: HandshakeAllThreads (Deoptimize)
Event: 6.060 Executing VM operation: HandshakeAllThreads (Deoptimize) done
Event: 6.095 Executing VM operation: HandshakeAllThreads (Deoptimize)
Event: 6.095 Executing VM operation: HandshakeAllThreads (Deoptimize) done

Memory protections (0 events):
No events

Nmethod flushes (0 events):
No events

Events (18 events):
Event: 1.306 Thread 0x0000021c7f8c6bb0 Thread added: 0x0000021c7f8c6bb0
Event: 1.442 Thread 0x0000021c7f8c6bb0 Thread added: 0x0000021c20a0df90
Event: 1.442 Thread 0x0000021c7f8c6bb0 Thread added: 0x0000021c250c5030
Event: 1.444 Thread 0x0000021c7f8c6bb0 Thread added: 0x0000021c250ce920
Event: 1.444 Thread 0x0000021c7f8c6bb0 Thread added: 0x0000021c250b33e0
Event: 1.444 Thread 0x0000021c7f8c6bb0 Thread added: 0x0000021c250b3e40
Event: 1.444 Thread 0x0000021c7f8c6bb0 Thread added: 0x0000021c250b48a0
Event: 1.445 Thread 0x0000021c7f8c6bb0 Thread added: 0x0000021c250d3840
Event: 1.445 Thread 0x0000021c7f8c6bb0 Thread added: 0x0000021c250d9ba0
Event: 1.630 Thread 0x0000021c7f8c6bb0 Thread added: 0x0000021c2523d380
Event: 1.678 Thread 0x0000021c250d9ba0 Thread added: 0x0000021c253d4fd0
Event: 1.781 Thread 0x0000021c7f8c6bb0 Thread added: 0x0000021c254520b0
Event: 2.861 Thread 0x0000021c7f8c6bb0 Thread added: 0x0000021c254d26b0
Event: 3.948 Thread 0x0000021c253d4fd0 Thread exited: 0x0000021c253d4fd0
Event: 7.248 Thread 0x0000021c250d9ba0 Thread added: 0x0000021c25b68ae0
Event: 11.315 Thread 0x0000021c25b68ae0 Thread exited: 0x0000021c25b68ae0
Event: 11.320 Thread 0x0000021c250d9ba0 Thread added: 0x0000021c25c10060
Event: 12.328 Thread 0x0000021c250d9ba0 Thread added: 0x0000021c25b753e0


Dynamic libraries:
0x00007ff701d40000 - 0x00007ff701d50000 	C:\Program Files\Java\jdk-23\bin\java.exe
0x00007ffb02620000 - 0x00007ffb02888000 	C:\WINDOWS\SYSTEM32\ntdll.dll
0x00007ffb01840000 - 0x00007ffb01909000 	C:\WINDOWS\System32\KERNEL32.DLL
0x00007ffaff030000 - 0x00007ffaff421000 	C:\WINDOWS\System32\KERNELBASE.dll
0x00007ffb001c0000 - 0x00007ffb0030b000 	C:\WINDOWS\System32\ucrtbase.dll
0x00007ffaed590000 - 0x00007ffaed5a7000 	C:\Program Files\Java\jdk-23\bin\jli.dll
0x00007ffaed490000 - 0x00007ffaed4ab000 	C:\Program Files\Java\jdk-23\bin\VCRUNTIME140.dll
0x00007ffb013c0000 - 0x00007ffb01586000 	C:\WINDOWS\System32\USER32.dll
0x00007ffaff430000 - 0x00007ffaff457000 	C:\WINDOWS\System32\win32u.dll
0x00007ffade570000 - 0x00007ffade803000 	C:\WINDOWS\WinSxS\amd64_microsoft.windows.common-controls_6595b64144ccf1df_6.0.26100.7824_none_3e0870b2e3345462\COMCTL32.dll
0x00007ffb01200000 - 0x00007ffb0122b000 	C:\WINDOWS\System32\GDI32.dll
0x00007ffb005f0000 - 0x00007ffb00699000 	C:\WINDOWS\System32\msvcrt.dll
0x00007ffafef00000 - 0x00007ffaff02b000 	C:\WINDOWS\System32\gdi32full.dll
0x00007ffb00310000 - 0x00007ffb003b3000 	C:\WINDOWS\System32\msvcp_win.dll
0x00007ffb01100000 - 0x00007ffb01131000 	C:\WINDOWS\System32\IMM32.DLL
0x00007ffaed660000 - 0x00007ffaed66c000 	C:\Program Files\Java\jdk-23\bin\vcruntime140_1.dll
0x00007ffaa1c80000 - 0x00007ffaa1d0e000 	C:\Program Files\Java\jdk-23\bin\msvcp140.dll
0x00007ffa329e0000 - 0x00007ffa33730000 	C:\Program Files\Java\jdk-23\bin\server\jvm.dll
0x00007ffb00700000 - 0x00007ffb007b4000 	C:\WINDOWS\System32\ADVAPI32.dll
0x00007ffb01b40000 - 0x00007ffb01be6000 	C:\WINDOWS\System32\sechost.dll
0x00007ffb01590000 - 0x00007ffb016a8000 	C:\WINDOWS\System32\RPCRT4.dll
0x00007ffb00570000 - 0x00007ffb005e4000 	C:\WINDOWS\System32\WS2_32.dll
0x00007ffafed60000 - 0x00007ffafedbe000 	C:\WINDOWS\SYSTEM32\POWRPROF.dll
0x00007ffafa020000 - 0x00007ffafa055000 	C:\WINDOWS\SYSTEM32\WINMM.dll
0x00007ffaecd20000 - 0x00007ffaecd2b000 	C:\WINDOWS\SYSTEM32\VERSION.dll
0x00007ffafed40000 - 0x00007ffafed54000 	C:\WINDOWS\SYSTEM32\UMPDC.dll
0x00007ffafdc70000 - 0x00007ffafdc8b000 	C:\WINDOWS\SYSTEM32\kernel.appcore.dll
0x00007ffaed5d0000 - 0x00007ffaed5da000 	C:\Program Files\Java\jdk-23\bin\jimage.dll
0x00007ffafc670000 - 0x00007ffafc8b2000 	C:\WINDOWS\SYSTEM32\DBGHELP.DLL
0x00007ffb01c90000 - 0x00007ffb02016000 	C:\WINDOWS\System32\combase.dll
0x00007ffb01960000 - 0x00007ffb01a37000 	C:\WINDOWS\System32\OLEAUT32.dll
0x00007ffad7a50000 - 0x00007ffad7a8b000 	C:\WINDOWS\SYSTEM32\dbgcore.DLL
0x00007ffaff520000 - 0x00007ffaff5c5000 	C:\WINDOWS\System32\bcryptPrimitives.dll
0x00007ffaecf40000 - 0x00007ffaecf4f000 	C:\Program Files\Java\jdk-23\bin\instrument.dll
0x00007ffaed3d0000 - 0x00007ffaed3ee000 	C:\Program Files\Java\jdk-23\bin\java.dll
0x00007ffb003d0000 - 0x00007ffb00567000 	C:\WINDOWS\System32\ole32.dll
0x00007ffb007c0000 - 0x00007ffb00f12000 	C:\WINDOWS\System32\SHELL32.dll
0x00007ffaff5d0000 - 0x00007ffaff73a000 	C:\WINDOWS\System32\wintypes.dll
0x00007ffaec0f0000 - 0x00007ffaec107000 	C:\Program Files\Java\jdk-23\bin\zip.dll
0x00007ffaff7d0000 - 0x00007ffb00033000 	C:\WINDOWS\System32\windows.storage.dll
0x00007ffb01a40000 - 0x00007ffb01b36000 	C:\WINDOWS\System32\SHCORE.dll
0x00007ffb01bf0000 - 0x00007ffb01c57000 	C:\WINDOWS\System32\shlwapi.dll
0x00007ffafee20000 - 0x00007ffafee49000 	C:\WINDOWS\SYSTEM32\profapi.dll
0x00007ffa9da50000 - 0x00007ffa9db27000 	C:\Program Files\Java\jdk-23\bin\jsvml.dll
0x00007ffaed580000 - 0x00007ffaed590000 	C:\Program Files\Java\jdk-23\bin\net.dll
0x00007ffafe1f0000 - 0x00007ffafe25b000 	C:\WINDOWS\system32\mswsock.dll
0x00007ffaed240000 - 0x00007ffaed256000 	C:\Program Files\Java\jdk-23\bin\nio.dll
0x00007ffaed4f0000 - 0x00007ffaed4f9000 	C:\Program Files\Java\jdk-23\bin\extnet.dll

dbghelp: loaded successfully - version: 4.0.5 - missing functions: none
symbol engine: initialized successfully - sym options: 0x614 - pdb path: .;C:\Program Files\Java\jdk-23\bin;C:\WINDOWS\SYSTEM32;C:\WINDOWS\WinSxS\amd64_microsoft.windows.common-controls_6595b64144ccf1df_6.0.26100.7824_none_3e0870b2e3345462;C:\Program Files\Java\jdk-23\bin\server

VM Arguments:
jvm_args: -ea -Didea.test.cyclic.buffer.size=1048576 -javaagent:C:\Program Files\JetBrains\IntelliJ IDEA Community Edition 2024.3.4\lib\idea_rt.jar=53996 -javaagent:C:\Users\les01\AppData\Local\JetBrains\IdeaIC2024.3\captureAgent\debugger-agent.jar -Dkotlinx.coroutines.debug.enable.creation.stack.trace=false -Ddebugger.agent.enable.coroutines=true -Dkotlinx.coroutines.debug.enable.flows.stack.trace=true -Dkotlinx.coroutines.debug.enable.mutable.state.flows.stack.trace=true -Dfile.encoding=UTF-8 -Dsun.stdout.encoding=UTF-8 -Dsun.stderr.encoding=UTF-8 
java_command: com.intellij.rt.junit.JUnitStarter -ideVersion5 -junit5 WalletTest
java_class_path (initial): C:\Users\les01\.m2\repository\org\junit\platform\junit-platform-launcher\6.0.1\junit-platform-launcher-6.0.1.jar;C:\Program Files\JetBrains\IntelliJ IDEA Community Edition 2024.3.4\lib\idea_rt.jar;C:\Program Files\JetBrains\IntelliJ IDEA Community Edition 2024.3.4\plugins\junit\lib\junit5-rt.jar;C:\Program Files\JetBrains\IntelliJ IDEA Community Edition 2024.3.4\plugins\junit\lib\junit-rt.jar;C:\LAPORAN UGM\Semester 4\P.PPL\PPPL_Per4_190226\target\test-classes;C:\LAPORAN UGM\Semester 4\P.PPL\PPPL_Per4_190226\target\classes;C:\Users\les01\.m2\repository\org\junit\jupiter\junit-jupiter\6.0.1\junit-jupiter-6.0.1.jar;C:\Users\les01\.m2\repository\org\junit\jupiter\junit-jupiter-api\6.0.1\junit-jupiter-api-6.0.1.jar;C:\Users\les01\.m2\repository\org\opentest4j\opentest4j\1.3.0\opentest4j-1.3.0.jar;C:\Users\les01\.m2\repository\org\junit\platform\junit-platform-commons\6.0.1\junit-platform-commons-6.0.1.jar;C:\Users\les01\.m2\repository\org\apiguardian\apiguardian-api\1.1.2\apiguardian-api-1.1.2.jar;C:\Users\les01\.m2\repository\org\jspecify\jspecify\1.0.0\jspecify-1.0.0.jar;C:\Users\les01\.m2\repository\org\junit\jupiter\junit-jupiter-params\6.0.1\junit-jupiter-params-6.0.1.jar;C:\Users\les01\.m2\repository\org\junit\jupiter\junit-jupiter-engine\6.0.1\junit-jupiter-engine-6.0.1.jar;C:\Users\les01\.m2\repository\org\junit\platform\junit-platform-engine\6.0.1\junit-platform-engine-6.0.1.jar
Launcher Type: SUN_STANDARD

[Global flags]
     intx CICompilerCount                          = 4                                         {product} {ergonomic}
     uint ConcGCThreads                            = 3                                         {product} {ergonomic}
     uint G1ConcRefinementThreads                  = 10                                        {product} {ergonomic}
   size_t G1HeapRegionSize                         = 2097152                                   {product} {ergonomic}
   size_t InitialHeapSize                          = 264241152                                 {product} {ergonomic}
   size_t MarkStackSize                            = 4194304                                   {product} {ergonomic}
   size_t MarkStackSizeMax                         = 536870912                                 {product} {ergonomic}
   size_t MaxHeapSize                              = 4215275520                                {product} {ergonomic}
   size_t MaxNewSize                               = 2529165312                                {product} {ergonomic}
   size_t MinHeapDeltaBytes                        = 2097152                                   {product} {ergonomic}
   size_t MinHeapSize                              = 8388608                                   {product} {ergonomic}
    uintx NonNMethodCodeHeapSize                   = 5832704                                {pd product} {ergonomic}
    uintx NonProfiledCodeHeapSize                  = 122945536                              {pd product} {ergonomic}
    uintx ProfiledCodeHeapSize                     = 122880000                              {pd product} {ergonomic}
    uintx ReservedCodeCacheSize                    = 251658240                              {pd product} {ergonomic}
     bool SegmentedCodeCache                       = true                                      {product} {ergonomic}
   size_t SoftMaxHeapSize                          = 4215275520                             {manageable} {ergonomic}
     bool UseCompressedOops                        = true                           {product lp64_product} {ergonomic}
     bool UseG1GC                                  = true                                      {product} {ergonomic}
     bool UseLargePagesIndividualAllocation        = false                                  {pd product} {ergonomic}

Logging:
Log output configuration:
 #0: stdout all=warning uptime,level,tags foldmultilines=false
 #1: stderr all=off uptime,level,tags foldmultilines=false

Environment Variables:
JAVA_HOME=C:\Program Files\Java\jdk-21
PATH=C:\Program Files\Common Files\Oracle\Java\javapath;C:\app\les01\product\21c\dbhomeXE\bin;C:\Python312\Scripts\;C:\Python312\;C:\WINDOWS\system32;C:\WINDOWS;C:\WINDOWS\System32\Wbem;C:\WINDOWS\System32\WindowsPowerShell\v1.0\;C:\WINDOWS\System32\OpenSSH\;C:\ProgramData\chocolatey\bin;C:\Program Files\Java\jdk-21\bin;C:\Program Files\nodejs\;C:\Program Files\Git\cmd;C:\laragon\bin\php\php-8.3.16-Win32-vs16-x64;;C:\Program Files\Docker\Docker\resources\bin;C:\Users\les01\AppData\Local\pnpm;C:\laragon\bin\composer;C:\laragon\bin\git\bin;C:\laragon\bin\git\cmd;C:\laragon\bin\git\mingw64\bin;C:\laragon\bin\git\usr\bin;C:\laragon\bin\mysql\mysql-8.4.3-winx64\bin;C:\laragon\bin\ngrok;C:\laragon\bin\nodejs\node-v22;C:\laragon\bin\php\php-8.3.4-Win32-vs16-x64;C:\laragon\bin\python\python-3.13;C:\laragon\bin\python\python-3.13\Scripts;C:\laragon\usr\bin;C:\Users\les01\AppData\Local\Yarn\config\global\node_modules\.bin;C:\Users\les01\AppData\Roaming\Composer\vendor\bin;C:\Users\les01\AppData\Roaming\npm;C:\Users\les01\AppData\Local\Microsoft\WindowsApps;C:\Users\les01\AppData\Local\Programs\Microsoft VS Code\bin;C:\Users\les01\AppData\Local\GitHubDesktop\bin;C:\Program Files\JetBrains\IntelliJ IDEA Community Edition 2024.3.4\bin;
USERNAME=les01
OS=Windows_NT
PROCESSOR_IDENTIFIER=Intel64 Family 6 Model 154 Stepping 3, GenuineIntel
TMP=C:\Users\les01\AppData\Local\Temp
TEMP=C:\Users\les01\AppData\Local\Temp




Periodic native trim disabled

---------------  S Y S T E M  ---------------

OS:
 Windows 11 , 64 bit Build 26100 (10.0.26100.7705)
OS uptime: 3 days 4:02 hours
Hyper-V role detected

CPU: total 12 (initial active 12) (6 cores per cpu, 2 threads per core) family 6 model 154 stepping 3 microcode 0x43b, cx8, cmov, fxsr, ht, mmx, 3dnowpref, sse, sse2, sse3, ssse3, sse4.1, sse4.2, popcnt, lzcnt, tsc, tscinvbit, avx, avx2, aes, erms, clmul, bmi1, bmi2, adx, sha, fma, vzeroupper, clflush, clflushopt, clwb, hv, serialize, rdtscp, rdpid, fsrm, gfni, f16c, cet_ibt, cet_ss
Processor Information for processor 0
  Max Mhz: 2000, Current Mhz: 2000, Mhz Limit: 2000
Processor Information for processor 1
  Max Mhz: 2000, Current Mhz: 2000, Mhz Limit: 2000
Processor Information for processor 2
  Max Mhz: 2000, Current Mhz: 2000, Mhz Limit: 2000
Processor Information for processor 3
  Max Mhz: 2000, Current Mhz: 2000, Mhz Limit: 2000
Processor Information for processor 4
  Max Mhz: 2000, Current Mhz: 2000, Mhz Limit: 2000
Processor Information for processor 5
  Max Mhz: 2000, Current Mhz: 2000, Mhz Limit: 2000
Processor Information for processor 6
  Max Mhz: 2000, Current Mhz: 2000, Mhz Limit: 2000
Processor Information for processor 7
  Max Mhz: 2000, Current Mhz: 2000, Mhz Limit: 2000
Processor Information for processor 8
  Max Mhz: 2000, Current Mhz: 1500, Mhz Limit: 1500
Processor Information for processor 9
  Max Mhz: 2000, Current Mhz: 1500, Mhz Limit: 1500
Processor Information for processor 10
  Max Mhz: 2000, Current Mhz: 1500, Mhz Limit: 1500
Processor Information for processor 11
  Max Mhz: 2000, Current Mhz: 1500, Mhz Limit: 1500

Memory: 4k page, system-wide physical 16076M (905M free)
TotalPageFile size 32460M (AvailPageFile size 5M)
current process WorkingSet (physical memory assigned to process): 66M, peak: 66M
current process commit charge ("private bytes"): 351M, peak: 351M

vm_info: Java HotSpot(TM) 64-Bit Server VM (23.0.2+7-58) for windows-amd64 JRE (23.0.2+7-58), built on 2024-11-29T09:34:55Z with MS VC++ 17.6 (VS2022)

END.
